\BOOKMARK [0][-]{chapter.1}{History}{}% 1
\BOOKMARK [0][-]{chapter.2}{Sample\040Program}{}% 2
\BOOKMARK [0][-]{chapter.3}{Variables}{}% 3
\BOOKMARK [0][-]{chapter.4}{Constants}{}% 4
\BOOKMARK [0][-]{chapter.5}{Assignments}{}% 5
\BOOKMARK [0][-]{chapter.6}{Input}{}% 6
\BOOKMARK [0][-]{chapter.7}{Output}{}% 7
\BOOKMARK [0][-]{chapter.8}{Arithmetic}{}% 8
\BOOKMARK [0][-]{chapter.9}{Comments}{}% 9
\BOOKMARK [0][-]{chapter.10}{Data\040types,\040conversion}{}% 10
\BOOKMARK [0][-]{chapter.11}{Conditionals}{}% 11
\BOOKMARK [0][-]{chapter.12}{Strings}{}% 12
\BOOKMARK [0][-]{chapter.13}{Loops}{}% 13
\BOOKMARK [0][-]{chapter.14}{Functions,\040Scope,\040and\040Blocks}{}% 14
\BOOKMARK [1][-]{section.14.1}{Blocks}{chapter.14}% 15
\BOOKMARK [0][-]{chapter.15}{Problem\040Solving}{}% 16
\BOOKMARK [0][-]{chapter.16}{Testing}{}% 17
\BOOKMARK [0][-]{chapter.17}{Preprocessor}{}% 18
\BOOKMARK [0][-]{chapter.18}{Advanced\040Arithmetic}{}% 19
\BOOKMARK [1][-]{section.18.1}{Examples}{chapter.18}% 20
\BOOKMARK [2][-]{subsection.18.1.1}{pow\(\)}{section.18.1}% 21
\BOOKMARK [2][-]{subsection.18.1.2}{sqrt\(\)}{section.18.1}% 22
\BOOKMARK [2][-]{subsection.18.1.3}{Modulo}{section.18.1}% 23
\BOOKMARK [1][-]{section.18.2}{Review\040Questions}{chapter.18}% 24
\BOOKMARK [1][-]{section.18.3}{Homework\040Questions}{chapter.18}% 25
\BOOKMARK [1][-]{section.18.4}{Review\040Questions\040Answers}{chapter.18}% 26
\BOOKMARK [1][-]{section.18.5}{Homework\040Questions\040Answers}{chapter.18}% 27
\BOOKMARK [1][-]{section.18.6}{Further\040Reading}{chapter.18}% 28
\BOOKMARK [0][-]{chapter.19}{File\040I/O}{}% 29
\BOOKMARK [0][-]{chapter.20}{Arrays}{}% 30
\BOOKMARK [0][-]{chapter.21}{Pointers}{}% 31
\BOOKMARK [0][-]{chapter.22}{Dynamic\040Data}{}% 32
\BOOKMARK [0][-]{chapter.23}{Separate\040compilation}{}% 33
\BOOKMARK [0][-]{chapter.24}{Classes\040and\040Abstraction}{}% 34
\BOOKMARK [0][-]{chapter.25}{STL}{}% 35
